<?xml version="1.0" encoding="UTF-8"?>
<!-- Generated by org.testng.reporters.JUnitReportReporter -->
<<<<<<< HEAD
<testsuite hostname="neerajtestinpc" name="timesheetauto.LoginPage" tests="1" failures="0" timestamp="3 Jan 2020 08:53:09 GMT" time="8.372" errors="0">
  <testcase name="homePageLoadTest" time="8.372" classname="timesheetauto.LoginPage"/>
=======
<testsuite hostname="HT" name="timesheetauto.LoginPage" tests="1" failures="0" timestamp="3 Jan 2020 10:41:44 GMT" time="8.267" errors="0">
  <testcase name="homePageLoadTest" time="8.267" classname="timesheetauto.LoginPage"/>
>>>>>>> 02473ef9129a675d72b0c7e4c8bc5d890c79647f
</testsuite> <!-- timesheetauto.LoginPage -->
