<?xml version="1.0" encoding="UTF-8"?>
<!-- Generated by org.testng.reporters.JUnitReportReporter -->
<testsuite hostname="neerajtestinpc" name="timesheetauto.timesheetauto1" tests="1" failures="0" timestamp="4 Jan 2020 06:43:01 GMT" time="12.692" errors="0">
  <testcase name="VerifyCompanyProfileCancelButtonTest" time="12.692" classname="timesheetauto.timesheetauto1"/>
</testsuite> <!-- timesheetauto.timesheetauto1 -->
