<?xml version="1.0" encoding="UTF-8"?>
<!-- Generated by org.testng.reporters.JUnitReportReporter -->
<testsuite hostname="HT" name="timesheetauto.CompanyProfile" tests="7" failures="0" timestamp="3 Jan 2020 10:41:44 GMT" time="119.088" errors="0">
  <testcase name="CompanyInfoCancelButtonTest" time="16.557" classname="timesheetauto.CompanyProfile"/>
  <testcase name="CompanyProfileSaveButtonTest" time="19.548" classname="timesheetauto.CompanyProfile"/>
  <testcase name="CompanyInfoSaveButtonTest" time="18.799" classname="timesheetauto.CompanyProfile"/>
  <testcase name="CompanyProfileCancelButtonTest" time="15.383" classname="timesheetauto.CompanyProfile"/>
  <testcase name="EditButtonTest" time="18.375" classname="timesheetauto.CompanyProfile"/>
  <testcase name="DetailButtonTest" time="14.464" classname="timesheetauto.CompanyProfile"/>
  <testcase name="CompanyInfoFieldsTest" time="15.962" classname="timesheetauto.CompanyProfile"/>
</testsuite> <!-- timesheetauto.CompanyProfile -->
