<?xml version="1.0" encoding="UTF-8"?>
<!-- Generated by org.testng.reporters.JUnitReportReporter -->
<testsuite hostname="HT" name="timesheetauto.LoginPage" tests="1" failures="0" timestamp="3 Jan 2020 10:41:44 GMT" time="8.267" errors="0">
  <testcase name="homePageLoadTest" time="8.267" classname="timesheetauto.LoginPage"/>
</testsuite> <!-- timesheetauto.LoginPage -->
