<?xml version="1.0" encoding="UTF-8"?>
<!-- Generated by org.testng.reporters.JUnitReportReporter -->
<testsuite hostname="neerajtestinpc" name="timesheetauto.LoginPage" tests="1" failures="0" timestamp="3 Jan 2020 08:53:09 GMT" time="8.372" errors="0">
  <testcase name="homePageLoadTest" time="8.372" classname="timesheetauto.LoginPage"/>
</testsuite> <!-- timesheetauto.LoginPage -->
