<?xml version="1.0" encoding="UTF-8"?>
<!-- Generated by org.testng.reporters.JUnitReportReporter -->
<testsuite hostname="neerajtestinpc" name="timesheetauto.CompanyProfile" tests="7" failures="0" timestamp="2 Jan 2020 12:42:21 GMT" time="73.043" errors="0">
  <testcase name="CompanyProfileCancelButtonTest" time="10.092" classname="timesheetauto.CompanyProfile"/>
  <testcase name="DetailButtonTest" time="11.061" classname="timesheetauto.CompanyProfile"/>
  <testcase name="CompanyInfoSaveButtonTest" time="11.054" classname="timesheetauto.CompanyProfile"/>
  <testcase name="CompanyProfileSaveButtonTest" time="10.386" classname="timesheetauto.CompanyProfile"/>
  <testcase name="CompanyInfoFieldsTest" time="10.348" classname="timesheetauto.CompanyProfile"/>
  <testcase name="EditButtonTest" time="9.965" classname="timesheetauto.CompanyProfile"/>
  <testcase name="CompanyInfoCancelButtonTest" time="10.137" classname="timesheetauto.CompanyProfile"/>
</testsuite> <!-- timesheetauto.CompanyProfile -->
